Arguments: 
  /usr/local/Cellar/node/9.9.0/bin/node /usr/local/Cellar/yarn/1.5.1_1/libexec/bin/yarn.js compile

PATH: 
  /Users/khaosdoctor/.rvm/gems/ruby-2.4.1/bin:/Users/khaosdoctor/.rvm/gems/ruby-2.4.1@global/bin:/Users/khaosdoctor/.rvm/rubies/ruby-2.4.1/bin:/Users/khaosdoctor/.pyenv/shims:/Users/khaosdoctor/google-cloud-sdk/bin:/usr/local/bin:/usr/local/bin:/usr/bin:/bin:/usr/sbin:/sbin:/Library/TeX/texbin:/Applications/Wireshark.app/Contents/MacOS:/Users/khaosdoctor/.rvm/gems/ruby-2.4.1/bin:/Users/khaosdoctor/.rvm/gems/ruby-2.4.1@global/bin:/Users/khaosdoctor/.rvm/rubies/ruby-2.4.1/bin:/Users/khaosdoctor/.pyenv/shims:/Users/khaosdoctor/google-cloud-sdk/bin:/Users/khaosdoctor/bin:/Users/khaosdoctor/.rvm/bin:/Users/khaosdoctor/bin

Yarn version: 
  1.5.1

Node version: 
  9.9.0

Platform: 
  darwin x64

npm manifest: 
  {
    "name": "alurabank",
    "version": "1.0.0",
    "main": "index.js",
    "license": "MIT",
    "scripts": {
      "compile": "tsc"
    },
    "devDependencies": {
      "typescript": "2.3.2"
    }
  }

yarn manifest: 
  No manifest

Lockfile: 
  # THIS IS AN AUTOGENERATED FILE. DO NOT EDIT THIS FILE DIRECTLY.
  # yarn lockfile v1
  
  
  typescript@2.3.2:
    version "2.3.2"
    resolved "https://registry.yarnpkg.com/typescript/-/typescript-2.3.2.tgz#f0f045e196f69a72f06b25fd3bd39d01c3ce9984"

Trace: 
  Error: Command failed.
  Exit code: 2
  Command: sh
  Arguments: -c tsc
  Directory: /Users/khaosdoctor/Documents/Repos/Pessoal/my-notes/typescript/alurabank
  Output:
  
      at ProcessTermError.MessageError (/usr/local/Cellar/yarn/1.5.1_1/libexec/lib/cli.js:186:110)
      at new ProcessTermError (/usr/local/Cellar/yarn/1.5.1_1/libexec/lib/cli.js:226:113)
      at ChildProcess.<anonymous> (/usr/local/Cellar/yarn/1.5.1_1/libexec/lib/cli.js:30281:17)
      at ChildProcess.emit (events.js:180:13)
      at maybeClose (internal/child_process.js:936:16)
      at Process.ChildProcess._handle.onexit (internal/child_process.js:220:5)
